<?xml version="1.0" encoding="UTF-8"?>
<testng-results skipped="0" failed="0" ignored="0" total="9" passed="9">
  <reporter-output>
  </reporter-output>
  <suite name="Test suite" duration-ms="8975" started-at="2021-04-20T16:11:49 IST" finished-at="2021-04-20T16:11:58 IST">
    <groups>
    </groups>
    <test name="parallel test1" duration-ms="8975" started-at="2021-04-20T16:11:49 IST" finished-at="2021-04-20T16:11:58 IST">
      <class name="Demo_test.Test2">
        <test-method status="PASS" signature="Div()[pri:0, instance:Demo_test.Test2@6e0e048a]" name="Div" duration-ms="1" started-at="2021-04-20T16:11:49 IST" finished-at="2021-04-20T16:11:49 IST">
          <reporter-output>
          </reporter-output>
        </test-method> <!-- Div -->
        <test-method status="PASS" signature="mul()[pri:0, instance:Demo_test.Test2@6e0e048a]" name="mul" duration-ms="0" started-at="2021-04-20T16:11:49 IST" finished-at="2021-04-20T16:11:49 IST">
          <reporter-output>
          </reporter-output>
        </test-method> <!-- mul -->
        <test-method status="PASS" signature="sub()[pri:0, instance:Demo_test.Test2@6e0e048a]" name="sub" duration-ms="0" started-at="2021-04-20T16:11:49 IST" finished-at="2021-04-20T16:11:49 IST">
          <reporter-output>
          </reporter-output>
        </test-method> <!-- sub -->
        <test-method status="PASS" signature="sum()[pri:0, instance:Demo_test.Test2@6e0e048a]" name="sum" duration-ms="0" started-at="2021-04-20T16:11:49 IST" finished-at="2021-04-20T16:11:49 IST">
          <reporter-output>
          </reporter-output>
        </test-method> <!-- sum -->
      </class> <!-- Demo_test.Test2 -->
      <class name="Demo_test.Test3">
        <test-method status="PASS" signature="openurl()[pri:0, instance:Demo_test.Test3@5bc79255]" name="openurl" duration-ms="8934" started-at="2021-04-20T16:11:49 IST" finished-at="2021-04-20T16:11:58 IST">
          <reporter-output>
          </reporter-output>
        </test-method> <!-- openurl -->
      </class> <!-- Demo_test.Test3 -->
      <class name="Demo_test.Test1">
        <test-method status="PASS" signature="Div()[pri:0, instance:Demo_test.Test1@1f28c152]" name="Div" duration-ms="6" started-at="2021-04-20T16:11:49 IST" finished-at="2021-04-20T16:11:49 IST">
          <reporter-output>
          </reporter-output>
        </test-method> <!-- Div -->
        <test-method status="PASS" signature="mul()[pri:0, instance:Demo_test.Test1@1f28c152]" name="mul" duration-ms="0" started-at="2021-04-20T16:11:49 IST" finished-at="2021-04-20T16:11:49 IST">
          <reporter-output>
          </reporter-output>
        </test-method> <!-- mul -->
        <test-method status="PASS" signature="sub()[pri:0, instance:Demo_test.Test1@1f28c152]" name="sub" duration-ms="0" started-at="2021-04-20T16:11:49 IST" finished-at="2021-04-20T16:11:49 IST">
          <reporter-output>
          </reporter-output>
        </test-method> <!-- sub -->
        <test-method status="PASS" signature="sum()[pri:0, instance:Demo_test.Test1@1f28c152]" name="sum" duration-ms="0" started-at="2021-04-20T16:11:49 IST" finished-at="2021-04-20T16:11:49 IST">
          <reporter-output>
          </reporter-output>
        </test-method> <!-- sum -->
      </class> <!-- Demo_test.Test1 -->
    </test> <!-- parallel test1 -->
  </suite> <!-- Test suite -->
</testng-results>
