<?xml version="1.0" encoding="UTF-8"?>
<!-- Generated by org.testng.reporters.JUnitXMLReporter -->
<testsuite hostname="LAPTOP-BVL5FAK0" ignored="0" name="parallel test1" tests="9" failures="0" timestamp="2021-04-20T16:11:58 IST" time="8.975" errors="0">
  <testcase name="Div" time="0.006" classname="Demo_test.Test1"/>
  <testcase name="mul" time="0.0" classname="Demo_test.Test1"/>
  <testcase name="sub" time="0.0" classname="Demo_test.Test1"/>
  <testcase name="sum" time="0.0" classname="Demo_test.Test1"/>
  <testcase name="Div" time="0.001" classname="Demo_test.Test2"/>
  <testcase name="mul" time="0.0" classname="Demo_test.Test2"/>
  <testcase name="sub" time="0.0" classname="Demo_test.Test2"/>
  <testcase name="sum" time="0.0" classname="Demo_test.Test2"/>
  <testcase name="openurl" time="8.934" classname="Demo_test.Test3"/>
</testsuite> <!-- parallel test1 -->
